
Showing logs for build [32mmeta-ngealy2-go-demo-6-master-ddb6l-7[0m stage [32mmeta-pipeline[0m and container [32mstep-credential-initializer-w62sl[0m
{"level":"warn","ts":1581957373.7908714,"logger":"fallback-logger","caller":"logging/config.go:69","msg":"Fetch GitHub commit ID from kodata failed: \"ref: refs/heads/0.8.0-**-support-backwards-incompats\" is not a valid GitHub commit ID"}
{"level":"info","ts":1581957373.791386,"logger":"fallback-logger","caller":"creds-init/main.go:40","msg":"Credentials initialized."}

Showing logs for build [32mmeta-ngealy2-go-demo-6-master-ddb6l-7[0m stage [32mmeta-pipeline[0m and container [32mstep-working-dir-initializer-kqmzb[0m
{"level":"warn","ts":1581957374.7277977,"logger":"fallback-logger","caller":"logging/config.go:69","msg":"Fetch GitHub commit ID from kodata failed: open /var/run/ko/HEAD: no such file or directory"}
{"level":"info","ts":1581957374.729458,"logger":"fallback-logger","caller":"bash/main.go:64","msg":"Successfully executed command \"sh -c mkdir -p /workspace/source\"; output "}

Showing logs for build [32mmeta-ngealy2-go-demo-6-master-ddb6l-7[0m stage [32mmeta-pipeline[0m and container [32mstep-place-tools[0m

Showing logs for build [32mmeta-ngealy2-go-demo-6-master-ddb6l-7[0m stage [32mmeta-pipeline[0m and container [32mstep-git-source-meta-ngealy2-go-demo-6-master-ddb6l-psvh7[0m
{"level":"warn","ts":1581957380.7966874,"logger":"fallback-logger","caller":"logging/config.go:69","msg":"Fetch GitHub commit ID from kodata failed: \"ref: refs/heads/0.8.0-**-support-backwards-incompats\" is not a valid GitHub commit ID"}
{"level":"info","ts":1581957381.1292255,"logger":"fallback-logger","caller":"git/git.go:103","msg":"Successfully cloned https://github.com/*******/go-demo-6.git @ 8438b7aa842dce8dbd2ac3c364779f7be46cdb04 in path /workspace/source"}

Showing logs for build [32mmeta-ngealy2-go-demo-6-master-ddb6l-7[0m stage [32mmeta-pipeline[0m and container [32mstep-git-merge[0m
Using SHAs from PULL_REFS=master:8438b7aa842dce8dbd2ac3c364779f7be46cdb04
WARNING: no SHAs to merge, falling back to initial cloned commit

Showing logs for build [32mmeta-ngealy2-go-demo-6-master-ddb6l-7[0m stage [32mmeta-pipeline[0m and container [32mstep-merge-pull-refs[0m
SKIP merge-pull-refs: Nothing to merge

Showing logs for build [32mmeta-ngealy2-go-demo-6-master-ddb6l-7[0m stage [32mmeta-pipeline[0m and container [32mstep-create-effective-pipeline[0m
Cloning the Jenkins X versions repo https://github.com/jenkins-x/jenkins-x-versions.git with ref refs/heads/master to /builder/home/.**/jenkins-x-versions
Effective pipeline written to jenkins-x-effective.yml

Showing logs for build [32mmeta-ngealy2-go-demo-6-master-ddb6l-7[0m stage [32mmeta-pipeline[0m and container [32mstep-create-tekton-crds[0m
running command: echo \$(**-release-version) > VERSION

running command: ** step tag --version \$(cat VERSION)
Updating chart version in charts/go-demo-6/Chart.yaml to 2.0.9
Updating repository in charts/go-demo-6/values.yaml to ngealy0213.azurecr.io/*******/go-demo-6
Updating tag in charts/go-demo-6/values.yaml to 2.0.9
error: Have you set up a git credential helper? See https://help.github.com/articles/caching-your-github-password-in-git/
: git output: To https://github.com/*******/go-demo-6.git
 ! [remote rejected] v2.0.9 -> v2.0.9 (cannot lock ref 'refs/tags/v2.0.9': reference already exists)
error: failed to push some refs to 'https://github.com/*******/go-demo-6.git': failed to run 'git push origin v2.0.9' command in directory '', output: 'To https://github.com/*******/go-demo-6.git
 ! [remote rejected] v2.0.9 -> v2.0.9 (cannot lock ref 'refs/tags/v2.0.9': reference already exists)
error: failed to push some refs to 'https://github.com/*******/go-demo-6.git''
error: failed to set the version on release pipelines: failed to run '/bin/sh -c ** step tag --version $(cat VERSION)' command in directory '/workspace/source', output: ''
[31m
Pipeline failed on stage 'meta-pipeline' : container 'step-create-tekton-crds'. The execution of the pipeline has stopped.[0m
